=== git status === 
On branch main
Your branch is up to date with 'origin/main'.

Changes not staged for commit:
  (use "git add <file>..." to update what will be committed)
  (use "git restore <file>..." to discard changes in working directory)
	modified:   index.html

Untracked files:
  (use "git add <file>..." to include in what will be committed)
	_push.bat
	_push.log
	is-netflix-down.html

no changes added to commit (use "git add" and/or "git commit -a")
 
=== git add === 
warning: in the working copy of 'index.html', LF will be replaced by CRLF the next time Git touches it
warning: in the working copy of 'is-netflix-down.html', LF will be replaced by CRLF the next time Git touches it
 
=== git commit === 
[main 06a4f27] Add Netflix landing page + hide dead VPN banner
 2 files changed, 389 insertions(+), 2 deletions(-)
 create mode 100644 is-netflix-down.html
 
=== git push === 
To https://github.com/RoryPhillipsHeskap/isitgonedown.git
   352fe33..06a4f27  main -> main
 
=== done === 
